<?xml version="1.0" encoding="UTF-8"?>
<testsuite name="com.kodilla.testing.statistics.CalculateStatisticsTestSuite" tests="4" skipped="0" failures="0" errors="0" timestamp="2018-06-23T15:23:34" hostname="Mac-mini-Marcin.local" time="0.146">
  <properties/>
  <testcase name="fewerCommentsThanPostsTest" classname="com.kodilla.testing.statistics.CalculateStatisticsTestSuite" time="0.134"/>
  <testcase name="thousandPostsZeroUsersTest" classname="com.kodilla.testing.statistics.CalculateStatisticsTestSuite" time="0.002"/>
  <testcase name="zeroCommentsZeroUsersTest" classname="com.kodilla.testing.statistics.CalculateStatisticsTestSuite" time="0.004"/>
  <testcase name="zeroPostsHoundredUsersTest" classname="com.kodilla.testing.statistics.CalculateStatisticsTestSuite" time="0.003"/>
  <system-out><![CDATA[Start test
averageAmountOfPostsPerUser - 0.0
averageAmountOfCommentsPerUser - 0.0
averageAmountOfCommentsPerPost - 1.0
End test
Start test
averageAmountOfPostsPerUser - 0.0
averageAmountOfCommentsPerUser - 0.0
averageAmountOfCommentsPerPost - 0.0
End test
Start test
averageAmountOfPostsPerUser - 0.0
averageAmountOfCommentsPerUser - 0.0
averageAmountOfCommentsPerPost - 0.0
End test
Start test
averageAmountOfPostsPerUser - 0.0
averageAmountOfCommentsPerUser - 0.0
averageAmountOfCommentsPerPost - 0.0
End test
]]></system-out>
  <system-err><![CDATA[]]></system-err>
</testsuite>
