<?xml version="1.0" encoding="UTF-8"?>
<testsuite name="com.kodilla.testing.forum.statistics.CalculateStatisticsTestSuite" tests="5" skipped="0" failures="0" errors="0" timestamp="2018-08-15T08:16:58" hostname="Mac-mini-Marcin.local" time="0.165">
  <properties/>
  <testcase name="zeroPostsHundredUsersTest" classname="com.kodilla.testing.forum.statistics.CalculateStatisticsTestSuite" time="0.158"/>
  <testcase name="fewerCommentsThanPostsTest" classname="com.kodilla.testing.forum.statistics.CalculateStatisticsTestSuite" time="0.002"/>
  <testcase name="moreCommentsThanPostsTest" classname="com.kodilla.testing.forum.statistics.CalculateStatisticsTestSuite" time="0.001"/>
  <testcase name="thousandPostsZeroUsersTest" classname="com.kodilla.testing.forum.statistics.CalculateStatisticsTestSuite" time="0.002"/>
  <testcase name="zeroCommentsZeroUsersTest" classname="com.kodilla.testing.forum.statistics.CalculateStatisticsTestSuite" time="0.001"/>
  <system-out><![CDATA[Start test
averageAmountOfPostsPerUser - 0.0
averageAmountOfCommentsPerUser - 5.0
averageAmountOfCommentsPerPost - 0.0
End test
Start test
averageAmountOfPostsPerUser - 0.0
averageAmountOfCommentsPerUser - 0.0
averageAmountOfCommentsPerPost - 1.0
End test
Start test
averageAmountOfPostsPerUser - 0.0
averageAmountOfCommentsPerUser - 0.0
averageAmountOfCommentsPerPost - 0.0
End test
Start test
averageAmountOfPostsPerUser - 0.0
averageAmountOfCommentsPerUser - 0.0
averageAmountOfCommentsPerPost - 0.0
End test
Start test
averageAmountOfPostsPerUser - 0.0
averageAmountOfCommentsPerUser - 0.0
averageAmountOfCommentsPerPost - 0.0
End test
]]></system-out>
  <system-err><![CDATA[]]></system-err>
</testsuite>
