<?xml version="1.0" encoding="UTF-8"?>
<testsuite name="com.kodilla.testing.shape.ShapesCollectorTestSuite" tests="3" skipped="0" failures="0" errors="0" timestamp="2018-06-23T15:23:34" hostname="Mac-mini-Marcin.local" time="0.009">
  <properties/>
  <testcase name="testRemoveFigure" classname="com.kodilla.testing.shape.ShapesCollectorTestSuite" time="0.003"/>
  <testcase name="testAddFigure" classname="com.kodilla.testing.shape.ShapesCollectorTestSuite" time="0.002"/>
  <testcase name="testGetFigure" classname="com.kodilla.testing.shape.ShapesCollectorTestSuite" time="0.003"/>
  <system-out><![CDATA[Start test
End test
Start test
End test
Start test
End test
]]></system-out>
  <system-err><![CDATA[]]></system-err>
</testsuite>
