<?xml version="1.0" encoding="UTF-8"?>
<testsuite name="com.kodilla.testing.shape.ShapesCollectorTestSuite" tests="3" skipped="0" failures="0" errors="0" timestamp="2018-08-18T18:14:48" hostname="Mac-mini-Marcin.local" time="0.004">
  <properties/>
  <testcase name="testRemoveFigure" classname="com.kodilla.testing.shape.ShapesCollectorTestSuite" time="0.001"/>
  <testcase name="testAddFigure" classname="com.kodilla.testing.shape.ShapesCollectorTestSuite" time="0.0"/>
  <testcase name="testGetFigure" classname="com.kodilla.testing.shape.ShapesCollectorTestSuite" time="0.001"/>
  <system-out><![CDATA[Start test
End test
Start test
End test
Start test
End test
]]></system-out>
  <system-err><![CDATA[]]></system-err>
</testsuite>
