<?xml version="1.0" encoding="UTF-8"?>
<testsuite name="com.kodilla.hibernate.task.dao.TaskDaoTestSuite" tests="3" skipped="0" failures="0" errors="0" timestamp="2018-08-26T12:43:01" hostname="Mac-mini-Marcin.local" time="0.488">
  <properties/>
  <testcase name="testTaskDaoFindByDuration" classname="com.kodilla.hibernate.task.dao.TaskDaoTestSuite" time="0.41"/>
  <testcase name="testTaskDaoSave" classname="com.kodilla.hibernate.task.dao.TaskDaoTestSuite" time="0.062"/>
  <testcase name="testTaskDaoSaveWithFinancialDetails" classname="com.kodilla.hibernate.task.dao.TaskDaoTestSuite" time="0.013"/>
  <system-out><![CDATA[2018-08-26 14:43:01.532  INFO 3282 --- [    Test worker] .b.t.c.SpringBootTestContextBootstrapper : Neither @ContextConfiguration nor @ContextHierarchy found for test class [com.kodilla.hibernate.task.dao.TaskDaoTestSuite], using SpringBootContextLoader
2018-08-26 14:43:01.533  INFO 3282 --- [    Test worker] o.s.t.c.support.AbstractContextLoader    : Could not detect default resource locations for test class [com.kodilla.hibernate.task.dao.TaskDaoTestSuite]: no resource found for suffixes {-context.xml, Context.groovy}.
2018-08-26 14:43:01.533  INFO 3282 --- [    Test worker] t.c.s.AnnotationConfigContextLoaderUtils : Could not detect default configuration classes for test class [com.kodilla.hibernate.task.dao.TaskDaoTestSuite]: TaskDaoTestSuite does not declare any static, non-private, non-final, nested classes annotated with @Configuration.
2018-08-26 14:43:01.543  INFO 3282 --- [    Test worker] .b.t.c.SpringBootTestContextBootstrapper : Found @SpringBootConfiguration com.kodilla.hibernate.KodillaHibernateApplication for test class com.kodilla.hibernate.task.dao.TaskDaoTestSuite
2018-08-26 14:43:01.552  INFO 3282 --- [    Test worker] .b.t.c.SpringBootTestContextBootstrapper : Loaded default TestExecutionListener class names from location [META-INF/spring.factories]: [org.springframework.boot.test.autoconfigure.restdocs.RestDocsTestExecutionListener, org.springframework.boot.test.autoconfigure.web.client.MockRestServiceServerResetTestExecutionListener, org.springframework.boot.test.autoconfigure.web.servlet.MockMvcPrintOnlyOnFailureTestExecutionListener, org.springframework.boot.test.autoconfigure.web.servlet.WebDriverTestExecutionListener, org.springframework.boot.test.mock.mockito.MockitoTestExecutionListener, org.springframework.boot.test.mock.mockito.ResetMocksTestExecutionListener, org.springframework.test.context.web.ServletTestExecutionListener, org.springframework.test.context.support.DirtiesContextBeforeModesTestExecutionListener, org.springframework.test.context.support.DependencyInjectionTestExecutionListener, org.springframework.test.context.support.DirtiesContextTestExecutionListener, org.springframework.test.context.transaction.TransactionalTestExecutionListener, org.springframework.test.context.jdbc.SqlScriptsTestExecutionListener]
2018-08-26 14:43:01.555  INFO 3282 --- [    Test worker] .b.t.c.SpringBootTestContextBootstrapper : Using TestExecutionListeners: [org.springframework.test.context.support.DirtiesContextBeforeModesTestExecutionListener@41680257, org.springframework.boot.test.mock.mockito.MockitoTestExecutionListener@4c164baf, org.springframework.boot.test.autoconfigure.SpringBootDependencyInjectionTestExecutionListener@28fab4c, org.springframework.test.context.support.DirtiesContextTestExecutionListener@3f2c959c, org.springframework.test.context.transaction.TransactionalTestExecutionListener@3ed74294, org.springframework.test.context.jdbc.SqlScriptsTestExecutionListener@40e23dd2, org.springframework.boot.test.autoconfigure.restdocs.RestDocsTestExecutionListener@3f482b49, org.springframework.boot.test.autoconfigure.web.client.MockRestServiceServerResetTestExecutionListener@6413d949, org.springframework.boot.test.autoconfigure.web.servlet.MockMvcPrintOnlyOnFailureTestExecutionListener@6054e4bd, org.springframework.boot.test.autoconfigure.web.servlet.WebDriverTestExecutionListener@310949c8, org.springframework.boot.test.mock.mockito.ResetMocksTestExecutionListener@4f653ec3]
Hibernate: insert into tasks (created, description, duration, tasks_financials_id, tasklist_id) values (?, ?, ?, ?, ?)
2018-08-26 14:43:01.753  INFO 3282 --- [    Test worker] o.h.h.i.QueryTranslatorFactoryInitiator  : HHH000397: Using ASTQueryTranslatorFactory
Hibernate: select task0_.id as id1_1_, task0_.created as created2_1_, task0_.description as descript3_1_, task0_.duration as duration4_1_, task0_.tasks_financials_id as tasks_fi5_1_, task0_.tasklist_id as tasklist6_1_ from tasks task0_ where task0_.duration=?
Hibernate: select task0_.id as id1_1_0_, task0_.created as created2_1_0_, task0_.description as descript3_1_0_, task0_.duration as duration4_1_0_, task0_.tasks_financials_id as tasks_fi5_1_0_, task0_.tasklist_id as tasklist6_1_0_, taskfinanc1_.id as id1_2_1_, taskfinanc1_.paid as paid2_2_1_, taskfinanc1_.price as price3_2_1_, tasklist2_.id as id1_0_2_, tasklist2_.description as descript2_0_2_, tasklist2_.listname as listname3_0_2_ from tasks task0_ left outer join tasks_financials taskfinanc1_ on task0_.tasks_financials_id=taskfinanc1_.id left outer join tasklists tasklist2_ on task0_.tasklist_id=tasklist2_.id where task0_.id=?
Hibernate: delete from tasks where id=?
Hibernate: insert into tasks (created, description, duration, tasks_financials_id, tasklist_id) values (?, ?, ?, ?, ?)
Hibernate: select task0_.id as id1_1_0_, task0_.created as created2_1_0_, task0_.description as descript3_1_0_, task0_.duration as duration4_1_0_, task0_.tasks_financials_id as tasks_fi5_1_0_, task0_.tasklist_id as tasklist6_1_0_, taskfinanc1_.id as id1_2_1_, taskfinanc1_.paid as paid2_2_1_, taskfinanc1_.price as price3_2_1_, tasklist2_.id as id1_0_2_, tasklist2_.description as descript2_0_2_, tasklist2_.listname as listname3_0_2_ from tasks task0_ left outer join tasks_financials taskfinanc1_ on task0_.tasks_financials_id=taskfinanc1_.id left outer join tasklists tasklist2_ on task0_.tasklist_id=tasklist2_.id where task0_.id=?
Hibernate: select task0_.id as id1_1_0_, task0_.created as created2_1_0_, task0_.description as descript3_1_0_, task0_.duration as duration4_1_0_, task0_.tasks_financials_id as tasks_fi5_1_0_, task0_.tasklist_id as tasklist6_1_0_, taskfinanc1_.id as id1_2_1_, taskfinanc1_.paid as paid2_2_1_, taskfinanc1_.price as price3_2_1_, tasklist2_.id as id1_0_2_, tasklist2_.description as descript2_0_2_, tasklist2_.listname as listname3_0_2_ from tasks task0_ left outer join tasks_financials taskfinanc1_ on task0_.tasks_financials_id=taskfinanc1_.id left outer join tasklists tasklist2_ on task0_.tasklist_id=tasklist2_.id where task0_.id=?
Hibernate: delete from tasks where id=?
Hibernate: insert into tasks_financials (paid, price) values (?, ?)
Hibernate: insert into tasks (created, description, duration, tasks_financials_id, tasklist_id) values (?, ?, ?, ?, ?)
]]></system-out>
  <system-err><![CDATA[]]></system-err>
</testsuite>
