<?xml version="1.0" encoding="UTF-8"?>
<testsuite name="com.kodilla.hibernate.tasklist.dao.TaskListDaoTestSuite" tests="2" skipped="0" failures="0" errors="0" timestamp="2018-08-26T12:43:02" hostname="Mac-mini-Marcin.local" time="0.1">
  <properties/>
  <testcase name="testTaskListDaoSaveWithTasks" classname="com.kodilla.hibernate.tasklist.dao.TaskListDaoTestSuite" time="0.062"/>
  <testcase name="testTaskListDaoFindByListName" classname="com.kodilla.hibernate.tasklist.dao.TaskListDaoTestSuite" time="0.037"/>
  <system-out><![CDATA[2018-08-26 14:43:02.141  INFO 3282 --- [    Test worker] .b.t.c.SpringBootTestContextBootstrapper : Neither @ContextConfiguration nor @ContextHierarchy found for test class [com.kodilla.hibernate.tasklist.dao.TaskListDaoTestSuite], using SpringBootContextLoader
2018-08-26 14:43:02.142  INFO 3282 --- [    Test worker] o.s.t.c.support.AbstractContextLoader    : Could not detect default resource locations for test class [com.kodilla.hibernate.tasklist.dao.TaskListDaoTestSuite]: no resource found for suffixes {-context.xml, Context.groovy}.
2018-08-26 14:43:02.143  INFO 3282 --- [    Test worker] t.c.s.AnnotationConfigContextLoaderUtils : Could not detect default configuration classes for test class [com.kodilla.hibernate.tasklist.dao.TaskListDaoTestSuite]: TaskListDaoTestSuite does not declare any static, non-private, non-final, nested classes annotated with @Configuration.
2018-08-26 14:43:02.155  INFO 3282 --- [    Test worker] .b.t.c.SpringBootTestContextBootstrapper : Found @SpringBootConfiguration com.kodilla.hibernate.KodillaHibernateApplication for test class com.kodilla.hibernate.tasklist.dao.TaskListDaoTestSuite
2018-08-26 14:43:02.162  INFO 3282 --- [    Test worker] .b.t.c.SpringBootTestContextBootstrapper : Loaded default TestExecutionListener class names from location [META-INF/spring.factories]: [org.springframework.boot.test.autoconfigure.restdocs.RestDocsTestExecutionListener, org.springframework.boot.test.autoconfigure.web.client.MockRestServiceServerResetTestExecutionListener, org.springframework.boot.test.autoconfigure.web.servlet.MockMvcPrintOnlyOnFailureTestExecutionListener, org.springframework.boot.test.autoconfigure.web.servlet.WebDriverTestExecutionListener, org.springframework.boot.test.mock.mockito.MockitoTestExecutionListener, org.springframework.boot.test.mock.mockito.ResetMocksTestExecutionListener, org.springframework.test.context.web.ServletTestExecutionListener, org.springframework.test.context.support.DirtiesContextBeforeModesTestExecutionListener, org.springframework.test.context.support.DependencyInjectionTestExecutionListener, org.springframework.test.context.support.DirtiesContextTestExecutionListener, org.springframework.test.context.transaction.TransactionalTestExecutionListener, org.springframework.test.context.jdbc.SqlScriptsTestExecutionListener]
2018-08-26 14:43:02.167  INFO 3282 --- [    Test worker] .b.t.c.SpringBootTestContextBootstrapper : Using TestExecutionListeners: [org.springframework.test.context.support.DirtiesContextBeforeModesTestExecutionListener@69989308, org.springframework.boot.test.mock.mockito.MockitoTestExecutionListener@50adb86a, org.springframework.boot.test.autoconfigure.SpringBootDependencyInjectionTestExecutionListener@12f53cf7, org.springframework.test.context.support.DirtiesContextTestExecutionListener@43dcf55e, org.springframework.test.context.transaction.TransactionalTestExecutionListener@6ef12efe, org.springframework.test.context.jdbc.SqlScriptsTestExecutionListener@53a2a5a2, org.springframework.boot.test.autoconfigure.restdocs.RestDocsTestExecutionListener@680b39a5, org.springframework.boot.test.autoconfigure.web.client.MockRestServiceServerResetTestExecutionListener@4cd957ff, org.springframework.boot.test.autoconfigure.web.servlet.MockMvcPrintOnlyOnFailureTestExecutionListener@2bb80644, org.springframework.boot.test.autoconfigure.web.servlet.WebDriverTestExecutionListener@6d712924, org.springframework.boot.test.mock.mockito.ResetMocksTestExecutionListener@5c06e33e]
Hibernate: insert into tasklists (description, listname) values (?, ?)
Hibernate: insert into tasks_financials (paid, price) values (?, ?)
Hibernate: insert into tasks (created, description, duration, tasks_financials_id, tasklist_id) values (?, ?, ?, ?, ?)
Hibernate: insert into tasks_financials (paid, price) values (?, ?)
Hibernate: insert into tasks (created, description, duration, tasks_financials_id, tasklist_id) values (?, ?, ?, ?, ?)
Hibernate: insert into tasklists (description, listname) values (?, ?)
Hibernate: select tasklist0_.id as id1_0_, tasklist0_.description as descript2_0_, tasklist0_.listname as listname3_0_ from tasklists tasklist0_ where tasklist0_.listname=?
Hibernate: select tasklist0_.id as id1_0_0_, tasklist0_.description as descript2_0_0_, tasklist0_.listname as listname3_0_0_ from tasklists tasklist0_ where tasklist0_.id=?
Hibernate: select tasks0_.tasklist_id as tasklist6_1_0_, tasks0_.id as id1_1_0_, tasks0_.id as id1_1_1_, tasks0_.created as created2_1_1_, tasks0_.description as descript3_1_1_, tasks0_.duration as duration4_1_1_, tasks0_.tasks_financials_id as tasks_fi5_1_1_, tasks0_.tasklist_id as tasklist6_1_1_, taskfinanc1_.id as id1_2_2_, taskfinanc1_.paid as paid2_2_2_, taskfinanc1_.price as price3_2_2_ from tasks tasks0_ left outer join tasks_financials taskfinanc1_ on tasks0_.tasks_financials_id=taskfinanc1_.id where tasks0_.tasklist_id=?
Hibernate: delete from tasklists where id=?
]]></system-out>
  <system-err><![CDATA[]]></system-err>
</testsuite>
